

> @insihts/demo-workflow@1.0.2 build /Users/rishabh-gupta/Werbooz/code/Insihts.com/prodio-dashboard/packages/workflow
> tsup --env.NODE_ENV production && pnpm tsc -p tsconfig.dist.json && pnpm build:css

[33m▲ [43;33m[[43;30mWARNING[43;33m][0m [1mCannot find base config file "../../tsconfig.base.json"[0m [tsconfig.json]

    tsconfig.json:2:13:
[37m      2 │   "extends": [32m"../../tsconfig.base.json"[37m,
        ╵              [32m~~~~~~~~~~~~~~~~~~~~~~~~~~[0m

[33m▲ [43;33m[[43;30mWARNING[43;33m][0m [1mThe condition "types" here will never be used as it comes after both "import" and "require"[0m [package.json]

    package.json:41:6:
[37m      41 │       [32m"types"[37m: "./dist/index.d.ts"
         ╵       [32m~~~~~~~[0m

  The "import" condition comes earlier and will be used for all "import" statements:

    package.json:39:6:
[37m      39 │       [32m"import"[37m: "./dist/index.mjs",
         ╵       [32m~~~~~~~~[0m

  The "require" condition comes earlier and will be used for all "require" calls:

    package.json:40:6:
[37m      40 │       [32m"require"[37m: "./dist/index.js",
         ╵       [32m~~~~~~~~~[0m

[33m▲ [43;33m[[43;30mWARNING[43;33m][0m [1mThe condition "types" here will never be used as it comes after both "import" and "require"[0m [package.json]

    package.json:46:6:
[37m      46 │       [32m"types"[37m: "./dist/core/index.d.ts"
         ╵       [32m~~~~~~~[0m

  The "import" condition comes earlier and will be used for all "import" statements:

    package.json:44:6:
[37m      44 │       [32m"import"[37m: "./dist/core/index.mjs",
         ╵       [32m~~~~~~~~[0m

  The "require" condition comes earlier and will be used for all "require" calls:

    package.json:45:6:
[37m      45 │       [32m"require"[37m: "./dist/core/index.js",
         ╵       [32m~~~~~~~~~[0m

[34mCLI[39m Building entry: src/index.ts, src/core/index.ts
[34mCLI[39m Using tsconfig: tsconfig.json
[34mCLI[39m tsup v8.3.5
[34mCLI[39m Using tsup config: /Users/rishabh-gupta/Werbooz/code/Insihts.com/prodio-dashboard/packages/workflow/tsup.config.ts
[34mCLI[39m Target: node16
[34mCLI[39m Cleaning output folder
[34mCJS[39m Build start
[34mESM[39m Build start
[34mIIFE[39m Build start

[90m[[90m2:21:42 AM[90m][39m [43m[30m WARN [39m[49m [33m▲ [43;33m[[43;30mWARNING[43;33m][0m [1mThe condition "types" here will never be used as it comes after both "import" and "require"[0m [package.json]

    package.json:41:6:
[37m      41 │       [32m"types"[37m: "./dist/index.d.ts"
         ╵       [32m~~~~~~~[0m

  The "import" condition comes earlier and will be used for all "import" statements:

    package.json:39:6:
[37m      39 │       [32m"import"[37m: "./dist/index.mjs",
         ╵       [32m~~~~~~~~[0m

  The "require" condition comes earlier and will be used for all "require" calls:

    package.json:40:6:
[37m      40 │       [32m"require"[37m: "./dist/index.js",
         ╵       [32m~~~~~~~~~[0m




[90m[[90m2:21:42 AM[90m][39m [43m[30m WARN [39m[49m [33m▲ [43;33m[[43;30mWARNING[43;33m][0m [1mThe condition "types" here will never be used as it comes after both "import" and "require"[0m [package.json]

    package.json:46:6:
[37m      46 │       [32m"types"[37m: "./dist/core/index.d.ts"
         ╵       [32m~~~~~~~[0m

  The "import" condition comes earlier and will be used for all "import" statements:

    package.json:44:6:
[37m      44 │       [32m"import"[37m: "./dist/core/index.mjs",
         ╵       [32m~~~~~~~~[0m

  The "require" condition comes earlier and will be used for all "require" calls:

    package.json:45:6:
[37m      45 │       [32m"require"[37m: "./dist/core/index.js",
         ╵       [32m~~~~~~~~~[0m




[43m[30m WARN [39m[49m [33m▲ [43;33m[[43;30mWARNING[43;33m][0m [1mCannot find base config file "../../tsconfig.base.json"[0m [tsconfig.json]                        [90m2:21:42 AM[39m

    tsconfig.json:2:13:
[37m      2 │   "extends": [32m"../../tsconfig.base.json"[37m,
        ╵              [32m~~~~~~~~~~~~~~~~~~~~~~~~~~[0m



[32mIIFE[39m [1mdist/index.global.js      [22m[32m56.83 KB[39m
[32mIIFE[39m [1mdist/core/index.global.js [22m[32m52.57 KB[39m
[32mIIFE[39m ⚡️ Build success in 94ms

[90m[[90m2:21:42 AM[90m][39m [43m[30m WARN [39m[49m [33m▲ [43;33m[[43;30mWARNING[43;33m][0m [1mThe condition "types" here will never be used as it comes after both "import" and "require"[0m [package.json]

    package.json:41:6:
[37m      41 │       [32m"types"[37m: "./dist/index.d.ts"
         ╵       [32m~~~~~~~[0m

  The "import" condition comes earlier and will be used for all "import" statements:

    package.json:39:6:
[37m      39 │       [32m"import"[37m: "./dist/index.mjs",
         ╵       [32m~~~~~~~~[0m

  The "require" condition comes earlier and will be used for all "require" calls:

    package.json:40:6:
[37m      40 │       [32m"require"[37m: "./dist/index.js",
         ╵       [32m~~~~~~~~~[0m




[90m[[90m2:21:42 AM[90m][39m [43m[30m WARN [39m[49m [33m▲ [43;33m[[43;30mWARNING[43;33m][0m [1mThe condition "types" here will never be used as it comes after both "import" and "require"[0m [package.json]

    package.json:46:6:
[37m      46 │       [32m"types"[37m: "./dist/core/index.d.ts"
         ╵       [32m~~~~~~~[0m

  The "import" condition comes earlier and will be used for all "import" statements:

    package.json:44:6:
[37m      44 │       [32m"import"[37m: "./dist/core/index.mjs",
         ╵       [32m~~~~~~~~[0m

  The "require" condition comes earlier and will be used for all "require" calls:

    package.json:45:6:
[37m      45 │       [32m"require"[37m: "./dist/core/index.js",
         ╵       [32m~~~~~~~~~[0m




[43m[30m WARN [39m[49m [33m▲ [43;33m[[43;30mWARNING[43;33m][0m [1mCannot find base config file "../../tsconfig.base.json"[0m [tsconfig.json]                        [90m2:21:42 AM[39m

    tsconfig.json:2:13:
[37m      2 │   "extends": [32m"../../tsconfig.base.json"[37m,
        ╵              [32m~~~~~~~~~~~~~~~~~~~~~~~~~~[0m




[90m[[90m2:21:42 AM[90m][39m [43m[30m WARN [39m[49m [33m▲ [43;33m[[43;30mWARNING[43;33m][0m [1mThe condition "types" here will never be used as it comes after both "import" and "require"[0m [package.json]

    package.json:41:6:
[37m      41 │       [32m"types"[37m: "./dist/index.d.ts"
         ╵       [32m~~~~~~~[0m

  The "import" condition comes earlier and will be used for all "import" statements:

    package.json:39:6:
[37m      39 │       [32m"import"[37m: "./dist/index.mjs",
         ╵       [32m~~~~~~~~[0m

  The "require" condition comes earlier and will be used for all "require" calls:

    package.json:40:6:
[37m      40 │       [32m"require"[37m: "./dist/index.js",
         ╵       [32m~~~~~~~~~[0m




[90m[[90m2:21:42 AM[90m][39m [43m[30m WARN [39m[49m [33m▲ [43;33m[[43;30mWARNING[43;33m][0m [1mThe condition "types" here will never be used as it comes after both "import" and "require"[0m [package.json]

    package.json:46:6:
[37m      46 │       [32m"types"[37m: "./dist/core/index.d.ts"
         ╵       [32m~~~~~~~[0m

  The "import" condition comes earlier and will be used for all "import" statements:

    package.json:44:6:
[37m      44 │       [32m"import"[37m: "./dist/core/index.mjs",
         ╵       [32m~~~~~~~~[0m

  The "require" condition comes earlier and will be used for all "require" calls:

    package.json:45:6:
[37m      45 │       [32m"require"[37m: "./dist/core/index.js",
         ╵       [32m~~~~~~~~~[0m




[43m[30m WARN [39m[49m [33m▲ [43;33m[[43;30mWARNING[43;33m][0m [1mCannot find base config file "../../tsconfig.base.json"[0m [tsconfig.json]                        [90m2:21:42 AM[39m

    tsconfig.json:2:13:
[37m      2 │   "extends": [32m"../../tsconfig.base.json"[37m,
        ╵              [32m~~~~~~~~~~~~~~~~~~~~~~~~~~[0m



[32mCJS[39m [1mdist/core/index.js [22m[32m34.49 KB[39m
[32mCJS[39m [1mdist/index.js      [22m[32m38.76 KB[39m
[32mCJS[39m ⚡️ Build success in 116ms
[32mESM[39m [1mdist/core/index.mjs     [22m[32m402.00 B[39m
[32mESM[39m [1mdist/chunk-XZXEV25O.mjs [22m[32m31.39 KB[39m
[32mESM[39m [1mdist/index.mjs          [22m[32m4.57 KB[39m
[32mESM[39m ⚡️ Build success in 116ms
DTS Build start
error TS5083: Cannot read file '/Users/rishabh-gupta/Werbooz/code/Insihts.com/prodio-dashboard/tsconfig.base.json'.

error TS5083: Cannot read file '/Users/rishabh-gupta/Werbooz/code/Insihts.com/prodio-dashboard/tsconfig.base.json'.

src/index.ts(1,15): error TS2792: Cannot find module './cloud'. Did you mean to set the 'moduleResolution' option to 'nodenext', or to add aliases to the 'paths' option?

[31m[31mError: error occurred in dts build
    at Worker.<anonymous> (/Users/rishabh-gupta/Werbooz/code/Insihts.com/prodio-dashboard/node_modules/.pnpm/tsup@8.3.5_@swc+core@1.10.1_@swc+helpers@0.5.13__jiti@1.21.6_postcss@8.4.45_typescript@5.7.2_yaml@2.5.1/node_modules/tsup/dist/index.js:1541:26)
    at Worker.emit (node:events:519:28)
    at MessagePort.<anonymous> (node:internal/worker:263:53)
    at [nodejs.internal.kHybridDispatch] (node:internal/event_target:820:20)
    at MessagePort.<anonymous> (node:internal/per_context/messageport:23:28)[39m[39m
[31mDTS Build error[39m
RollupError: [plugin dts] src/index.ts: Failed to compile. Check the logs above.
    at getRollupError (/Users/rishabh-gupta/Werbooz/code/Insihts.com/prodio-dashboard/node_modules/.pnpm/rollup@4.30.1/node_modules/rollup/dist/shared/parseAst.js:285:41)
    at Object.error (/Users/rishabh-gupta/Werbooz/code/Insihts.com/prodio-dashboard/node_modules/.pnpm/rollup@4.30.1/node_modules/rollup/dist/shared/parseAst.js:281:42)
    at Object.error (/Users/rishabh-gupta/Werbooz/code/Insihts.com/prodio-dashboard/node_modules/.pnpm/rollup@4.30.1/node_modules/rollup/dist/shared/rollup.js:888:32)
    at Object.error (/Users/rishabh-gupta/Werbooz/code/Insihts.com/prodio-dashboard/node_modules/.pnpm/rollup@4.30.1/node_modules/rollup/dist/shared/rollup.js:20897:42)
    at generateDtsFromTs (/Users/rishabh-gupta/Werbooz/code/Insihts.com/prodio-dashboard/node_modules/.pnpm/tsup@8.3.5_@swc+core@1.10.1_@swc+helpers@0.5.13__jiti@1.21.6_postcss@8.4.45_typescript@5.7.2_yaml@2.5.1/node_modules/tsup/dist/rollup.js:8000:22)
    at /Users/rishabh-gupta/Werbooz/code/Insihts.com/prodio-dashboard/node_modules/.pnpm/tsup@8.3.5_@swc+core@1.10.1_@swc+helpers@0.5.13__jiti@1.21.6_postcss@8.4.45_typescript@5.7.2_yaml@2.5.1/node_modules/tsup/dist/rollup.js:8007:59
    at _nullishCoalesce (/Users/rishabh-gupta/Werbooz/code/Insihts.com/prodio-dashboard/node_modules/.pnpm/tsup@8.3.5_@swc+core@1.10.1_@swc+helpers@0.5.13__jiti@1.21.6_postcss@8.4.45_typescript@5.7.2_yaml@2.5.1/node_modules/tsup/dist/rollup.js:1:473)
    at Object.transform (/Users/rishabh-gupta/Werbooz/code/Insihts.com/prodio-dashboard/node_modules/.pnpm/tsup@8.3.5_@swc+core@1.10.1_@swc+helpers@0.5.13__jiti@1.21.6_postcss@8.4.45_typescript@5.7.2_yaml@2.5.1/node_modules/tsup/dist/rollup.js:8007:18)
    at /Users/rishabh-gupta/Werbooz/code/Insihts.com/prodio-dashboard/node_modules/.pnpm/rollup@4.30.1/node_modules/rollup/dist/shared/rollup.js:1073:40
[41m[30m ELIFECYCLE [39m[49m [31mCommand failed with exit code 1.[39m
